<?xml version="1.0" encoding="UTF-8"?>
<testsuite name="com.fuseCanteen.canteen.CanteenApplicationTests" tests="1" skipped="0" failures="0" errors="0" timestamp="2020-09-14T03:22:56" hostname="DESKTOP-IOP07NR" time="0.12">
  <properties/>
  <testcase name="testFindAll()" classname="com.fuseCanteen.canteen.CanteenApplicationTests" time="0.12"/>
  <system-out><![CDATA[09:07:47.926 [Test worker] DEBUG org.springframework.test.context.BootstrapUtils - Instantiating CacheAwareContextLoaderDelegate from class [org.springframework.test.context.cache.DefaultCacheAwareContextLoaderDelegate]
09:07:47.946 [Test worker] DEBUG org.springframework.test.context.BootstrapUtils - Instantiating BootstrapContext using constructor [public org.springframework.test.context.support.DefaultBootstrapContext(java.lang.Class,org.springframework.test.context.CacheAwareContextLoaderDelegate)]
09:07:47.992 [Test worker] DEBUG org.springframework.test.context.BootstrapUtils - Instantiating TestContextBootstrapper for test class [com.fuseCanteen.canteen.CanteenApplicationTests] from class [org.springframework.boot.test.context.SpringBootTestContextBootstrapper]
09:07:48.012 [Test worker] INFO org.springframework.boot.test.context.SpringBootTestContextBootstrapper - Neither @ContextConfiguration nor @ContextHierarchy found for test class [com.fuseCanteen.canteen.CanteenApplicationTests], using SpringBootContextLoader
09:07:48.017 [Test worker] DEBUG org.springframework.test.context.support.AbstractContextLoader - Did not detect default resource location for test class [com.fuseCanteen.canteen.CanteenApplicationTests]: class path resource [com/fuseCanteen/canteen/CanteenApplicationTests-context.xml] does not exist
09:07:48.017 [Test worker] DEBUG org.springframework.test.context.support.AbstractContextLoader - Did not detect default resource location for test class [com.fuseCanteen.canteen.CanteenApplicationTests]: class path resource [com/fuseCanteen/canteen/CanteenApplicationTestsContext.groovy] does not exist
09:07:48.018 [Test worker] INFO org.springframework.test.context.support.AbstractContextLoader - Could not detect default resource locations for test class [com.fuseCanteen.canteen.CanteenApplicationTests]: no resource found for suffixes {-context.xml, Context.groovy}.
09:07:48.019 [Test worker] INFO org.springframework.test.context.support.AnnotationConfigContextLoaderUtils - Could not detect default configuration classes for test class [com.fuseCanteen.canteen.CanteenApplicationTests]: CanteenApplicationTests does not declare any static, non-private, non-final, nested classes annotated with @Configuration.
09:07:48.072 [Test worker] DEBUG org.springframework.test.context.support.ActiveProfilesUtils - Could not find an 'annotation declaring class' for annotation type [org.springframework.test.context.ActiveProfiles] and class [com.fuseCanteen.canteen.CanteenApplicationTests]
09:07:48.161 [Test worker] DEBUG org.springframework.context.annotation.ClassPathScanningCandidateComponentProvider - Identified candidate component class: file [E:\canteen\build\classes\java\main\com\fuseCanteen\canteen\CanteenApplication.class]
09:07:48.163 [Test worker] INFO org.springframework.boot.test.context.SpringBootTestContextBootstrapper - Found @SpringBootConfiguration com.fuseCanteen.canteen.CanteenApplication for test class com.fuseCanteen.canteen.CanteenApplicationTests
09:07:48.302 [Test worker] DEBUG org.springframework.boot.test.context.SpringBootTestContextBootstrapper - @TestExecutionListeners is not present for class [com.fuseCanteen.canteen.CanteenApplicationTests]: using defaults.
09:07:48.302 [Test worker] INFO org.springframework.boot.test.context.SpringBootTestContextBootstrapper - Loaded default TestExecutionListener class names from location [META-INF/spring.factories]: [org.springframework.boot.test.autoconfigure.restdocs.RestDocsTestExecutionListener, org.springframework.boot.test.autoconfigure.web.client.MockRestServiceServerResetTestExecutionListener, org.springframework.boot.test.autoconfigure.web.servlet.MockMvcPrintOnlyOnFailureTestExecutionListener, org.springframework.boot.test.autoconfigure.web.servlet.WebDriverTestExecutionListener, org.springframework.boot.test.autoconfigure.webservices.client.MockWebServiceServerTestExecutionListener, org.springframework.boot.test.mock.mockito.MockitoTestExecutionListener, org.springframework.boot.test.mock.mockito.ResetMocksTestExecutionListener, org.springframework.test.context.web.ServletTestExecutionListener, org.springframework.test.context.support.DirtiesContextBeforeModesTestExecutionListener, org.springframework.test.context.support.DependencyInjectionTestExecutionListener, org.springframework.test.context.support.DirtiesContextTestExecutionListener, org.springframework.test.context.transaction.TransactionalTestExecutionListener, org.springframework.test.context.jdbc.SqlScriptsTestExecutionListener, org.springframework.test.context.event.EventPublishingTestExecutionListener]
09:07:48.327 [Test worker] INFO org.springframework.boot.test.context.SpringBootTestContextBootstrapper - Using TestExecutionListeners: [org.springframework.test.context.web.ServletTestExecutionListener@1c5afaa8, org.springframework.test.context.support.DirtiesContextBeforeModesTestExecutionListener@7ab481fb, org.springframework.boot.test.mock.mockito.MockitoTestExecutionListener@54c848a4, org.springframework.boot.test.autoconfigure.SpringBootDependencyInjectionTestExecutionListener@419b14d8, org.springframework.test.context.support.DirtiesContextTestExecutionListener@a5f29f9, org.springframework.test.context.transaction.TransactionalTestExecutionListener@54baca10, org.springframework.test.context.jdbc.SqlScriptsTestExecutionListener@42a1254b, org.springframework.test.context.event.EventPublishingTestExecutionListener@5b05d413, org.springframework.boot.test.autoconfigure.restdocs.RestDocsTestExecutionListener@28e62e6b, org.springframework.boot.test.autoconfigure.web.client.MockRestServiceServerResetTestExecutionListener@2a8e9b2d, org.springframework.boot.test.autoconfigure.web.servlet.MockMvcPrintOnlyOnFailureTestExecutionListener@61ce684a, org.springframework.boot.test.autoconfigure.web.servlet.WebDriverTestExecutionListener@141e9d2c, org.springframework.boot.test.autoconfigure.webservices.client.MockWebServiceServerTestExecutionListener@d126cb2, org.springframework.boot.test.mock.mockito.ResetMocksTestExecutionListener@531bc9ce]
09:07:48.333 [Test worker] DEBUG org.springframework.test.context.support.AbstractDirtiesContextTestExecutionListener - Before test class: context [DefaultTestContext@357f0d1a testClass = CanteenApplicationTests, testInstance = [null], testMethod = [null], testException = [null], mergedContextConfiguration = [WebMergedContextConfiguration@c88387b testClass = CanteenApplicationTests, locations = '{}', classes = '{class com.fuseCanteen.canteen.CanteenApplication}', contextInitializerClasses = '[]', activeProfiles = '{}', propertySourceLocations = '{}', propertySourceProperties = '{org.springframework.boot.test.context.SpringBootTestContextBootstrapper=true}', contextCustomizers = set[org.springframework.boot.test.autoconfigure.properties.PropertyMappingContextCustomizer@0, org.springframework.boot.test.autoconfigure.web.servlet.WebDriverContextCustomizerFactory$Customizer@3d898956, org.springframework.boot.test.context.filter.ExcludeFilterContextCustomizer@6cc8ff55, org.springframework.boot.test.json.DuplicateJsonObjectContextCustomizerFactory$DuplicateJsonObjectContextCustomizer@49f6eb0b, org.springframework.boot.test.mock.mockito.MockitoContextCustomizer@0, org.springframework.boot.test.web.client.TestRestTemplateContextCustomizer@536c889f, org.springframework.boot.test.context.SpringBootTestArgs@1], resourceBasePath = 'src/main/webapp', contextLoader = 'org.springframework.boot.test.context.SpringBootContextLoader', parent = [null]], attributes = map['org.springframework.test.context.web.ServletTestExecutionListener.activateListener' -> true]], class annotated with @DirtiesContext [false] with mode [null].
09:07:48.371 [Test worker] DEBUG org.springframework.test.context.support.TestPropertySourceUtils - Adding inlined properties to environment: {spring.jmx.enabled=false, org.springframework.boot.test.context.SpringBootTestContextBootstrapper=true}

  .   ____          _            __ _ _
 /\\ / ___'_ __ _ _(_)_ __  __ _ \ \ \ \
( ( )\___ | '_ | '_| | '_ \/ _` | \ \ \ \
 \\/  ___)| |_)| | | | | || (_| |  ) ) ) )
  '  |____| .__|_| |_|_| |_\__, | / / / /
 =========|_|==============|___/=/_/_/_/
 :: Spring Boot ::        (v2.3.3.RELEASE)

2020-09-14 09:07:48.740  INFO 6544 --- [    Test worker] c.f.canteen.CanteenApplicationTests      : Starting CanteenApplicationTests on DESKTOP-IOP07NR with PID 6544 (started by Arun Tamang in E:\canteen)
2020-09-14 09:07:48.742  INFO 6544 --- [    Test worker] c.f.canteen.CanteenApplicationTests      : No active profile set, falling back to default profiles: default
2020-09-14 09:07:49.830  INFO 6544 --- [    Test worker] .s.d.r.c.RepositoryConfigurationDelegate : Bootstrapping Spring Data JPA repositories in DEFERRED mode.
2020-09-14 09:07:49.971  INFO 6544 --- [    Test worker] .s.d.r.c.RepositoryConfigurationDelegate : Finished Spring Data repository scanning in 123ms. Found 4 JPA repository interfaces.
2020-09-14 09:07:50.961  INFO 6544 --- [    Test worker] o.s.s.concurrent.ThreadPoolTaskExecutor  : Initializing ExecutorService 'applicationTaskExecutor'
2020-09-14 09:07:51.062  INFO 6544 --- [         task-1] o.hibernate.jpa.internal.util.LogHelper  : HHH000204: Processing PersistenceUnitInfo [name: default]
2020-09-14 09:07:51.209  WARN 6544 --- [    Test worker] JpaBaseConfiguration$JpaWebConfiguration : spring.jpa.open-in-view is enabled by default. Therefore, database queries may be performed during view rendering. Explicitly configure spring.jpa.open-in-view to disable this warning
2020-09-14 09:07:51.224  INFO 6544 --- [         task-1] org.hibernate.Version                    : HHH000412: Hibernate ORM core version 5.4.20.Final
2020-09-14 09:07:51.542  INFO 6544 --- [         task-1] o.hibernate.annotations.common.Version   : HCANN000001: Hibernate Commons Annotations {5.1.0.Final}
2020-09-14 09:07:51.729  INFO 6544 --- [         task-1] com.zaxxer.hikari.HikariDataSource       : HikariPool-1 - Starting...
2020-09-14 09:07:51.979  INFO 6544 --- [         task-1] com.zaxxer.hikari.HikariDataSource       : HikariPool-1 - Start completed.
2020-09-14 09:07:52.035  INFO 6544 --- [         task-1] org.hibernate.dialect.Dialect            : HHH000400: Using dialect: org.hibernate.dialect.MySQL55Dialect
2020-09-14 09:07:53.113  INFO 6544 --- [         task-1] o.h.e.t.j.p.i.JtaPlatformInitiator       : HHH000490: Using JtaPlatform implementation: [org.hibernate.engine.transaction.jta.platform.internal.NoJtaPlatform]
2020-09-14 09:07:53.123  INFO 6544 --- [         task-1] j.LocalContainerEntityManagerFactoryBean : Initialized JPA EntityManagerFactory for persistence unit 'default'
2020-09-14 09:07:54.914  INFO 6544 --- [    Test worker] o.s.s.web.DefaultSecurityFilterChain     : Creating filter chain: any request, [org.springframework.security.web.context.request.async.WebAsyncManagerIntegrationFilter@11e76d0d, org.springframework.security.web.context.SecurityContextPersistenceFilter@6e478f6d, org.springframework.security.web.header.HeaderWriterFilter@544bd19e, org.springframework.security.web.authentication.logout.LogoutFilter@27d0c080, com.fuseCanteen.canteen.filter.JwtFilter@22dbb6e5, org.springframework.security.web.savedrequest.RequestCacheAwareFilter@4319317c, org.springframework.security.web.servletapi.SecurityContextHolderAwareRequestFilter@a50b1ab, org.springframework.security.web.authentication.AnonymousAuthenticationFilter@743da086, org.springframework.security.web.session.SessionManagementFilter@4ecc1297, org.springframework.security.web.access.ExceptionTranslationFilter@afd1e1b, org.springframework.security.web.access.intercept.FilterSecurityInterceptor@2a5a1454]
2020-09-14 09:07:55.000  INFO 6544 --- [    Test worker] pertySourcedRequestMappingHandlerMapping : Mapped URL path [/v2/api-docs] onto method [springfox.documentation.swagger2.web.Swagger2Controller#getDocumentation(String, HttpServletRequest)]
2020-09-14 09:07:55.958  INFO 6544 --- [    Test worker] d.s.w.p.DocumentationPluginsBootstrapper : Context refreshed
2020-09-14 09:07:56.004  INFO 6544 --- [    Test worker] d.s.w.p.DocumentationPluginsBootstrapper : Found 1 custom documentation plugin(s)
2020-09-14 09:07:56.072  INFO 6544 --- [    Test worker] s.d.s.w.s.ApiListingReferenceScanner     : Scanning for api listing references
2020-09-14 09:07:56.312  INFO 6544 --- [    Test worker] DeferredRepositoryInitializationListener : Triggering deferred initialization of Spring Data repositories…
2020-09-14 09:07:56.474  INFO 6544 --- [    Test worker] DeferredRepositoryInitializationListener : Spring Data repositories initialized!
2020-09-14 09:07:56.485  INFO 6544 --- [    Test worker] c.f.canteen.CanteenApplicationTests      : Started CanteenApplicationTests in 8.1 seconds (JVM running for 9.834)
test food list
]]></system-out>
  <system-err><![CDATA[]]></system-err>
</testsuite>
